Build started 13/12/17 1:37:48.
     1>Project "F:\OpenGLHowtoAndCodes\backups\3DFitting_20131215_2\3DFitting\3DFitting.vcxproj" on node 2 (build target(s)).
     1>InitializeBuildStatus:
         Creating "Debug\3DFitting.unsuccessfulbuild" because "AlwaysCreate" was specified.
       ClCompile:
         e:\Visual Studio\Microsoft Visual Studio 2010 Ultimate installation directory\VC\bin\CL.exe /c /ZI /nologo /W3 /WX- /Od /Oy- /D WIN32 /D _DEBUG /D _CONSOLE /D _UNICODE /D UNICODE /Gm /EHsc /RTC1 /MDd /GS /fp:precise /Zc:wchar_t /Zc:forScope /Fo"Debug\\" /Fd"Debug\vc100.pdb" /Gd /TP /analyze- /errorReport:prompt particles.cpp
         particles.cpp
     1>f:\openglhowtoandcodes\backups\3dfitting_20131215_2\3dfitting\particles.cpp(399): warning C4101: 'temp' : unreferenced local variable
       ManifestResourceCompile:
         All outputs are up-to-date.
       Link:
         e:\Visual Studio\Microsoft Visual Studio 2010 Ultimate installation directory\VC\bin\link.exe /ERRORREPORT:PROMPT /OUT:"F:\OpenGLHowtoAndCodes\backups\3DFitting_20131215_2\Debug\3DFitting.exe" /INCREMENTAL /NOLOGO kernel32.lib user32.lib gdi32.lib winspool.lib comdlg32.lib advapi32.lib shell32.lib ole32.lib oleaut32.lib uuid.lib odbc32.lib odbccp32.lib /MANIFEST /ManifestFile:"Debug\3DFitting.exe.intermediate.manifest" /MANIFESTUAC:"level='asInvoker' uiAccess='false'" /DEBUG /PDB:"F:\OpenGLHowtoAndCodes\backups\3DFitting_20131215_2\Debug\3DFitting.pdb" /SUBSYSTEM:CONSOLE /TLBID:1 /DYNAMICBASE /NXCOMPAT /IMPLIB:"F:\OpenGLHowtoAndCodes\backups\3DFitting_20131215_2\Debug\3DFitting.lib" /MACHINE:X86 Debug\3DFitting.exe.embed.manifest.res
         Debug\BuildClothModel.obj
         Debug\effect.obj
         Debug\glmain.obj
         Debug\ManModel.obj
         Debug\math3d.obj
         Debug\particles.obj
       Manifest:
         C:\Program Files (x86)\Microsoft SDKs\Windows\v7.0A\bin\mt.exe /nologo /verbose /out:"Debug\3DFitting.exe.embed.manifest" /manifest Debug\3DFitting.exe.intermediate.manifest
         All outputs are up-to-date.
       LinkEmbedManifest:
         All outputs are up-to-date.
         3DFitting.vcxproj -> F:\OpenGLHowtoAndCodes\backups\3DFitting_20131215_2\Debug\3DFitting.exe
       FinalizeBuildStatus:
         Deleting file "Debug\3DFitting.unsuccessfulbuild".
         Touching "Debug\3DFitting.lastbuildstate".
     1>Done Building Project "F:\OpenGLHowtoAndCodes\backups\3DFitting_20131215_2\3DFitting\3DFitting.vcxproj" (build target(s)).

Build succeeded.

Time Elapsed 00:00:01.85
